#
# There is insufficient memory for the Java Runtime Environment to continue.
# Native memory allocation (malloc) failed to allocate 352016 bytes for Chunk::new
# Possible reasons:
#   The system is out of physical RAM or swap space
#   The process is running with CompressedOops enabled, and the Java Heap may be blocking the growth of the native heap
# Possible solutions:
#   Reduce memory load on the system
#   Increase physical memory or swap space
#   Check if swap backing store is full
#   Decrease Java heap size (-Xmx/-Xms)
#   Decrease number of Java threads
#   Decrease Java thread stack sizes (-Xss)
#   Set larger code cache with -XX:ReservedCodeCacheSize=
#   JVM is running with Unscaled Compressed Oops mode in which the Java heap is
#     placed in the first 4GB address space. The Java Heap base address is the
#     maximum limit for the native heap growth. Please use -XX:HeapBaseMinAddress
#     to set the Java Heap base and to place the Java Heap above 4GB virtual address.
# This output file may be truncated or incomplete.
#
#  Out of Memory Error (arena.cpp:189), pid=15688, tid=10412
#
# JRE version: Java(TM) SE Runtime Environment (17.0.4+11) (build 17.0.4+11-LTS-179)
# Java VM: Java HotSpot(TM) 64-Bit Server VM (17.0.4+11-LTS-179, mixed mode, sharing, tiered, compressed oops, compressed class ptrs, g1 gc, windows-amd64)
# No core dump will be written. Minidumps are not enabled by default on client versions of Windows
#

---------------  S U M M A R Y ------------

Command Line: -Dclassworlds.conf=D:\App\NetBeans-12.5\netbeans\java\maven\bin\..\bin\m2.conf -Dmaven.home=D:\App\NetBeans-12.5\netbeans\java\maven\bin\.. -Dlibrary.jansi.path=D:\App\NetBeans-12.5\netbeans\java\maven\bin\..\lib\jansi-native -Dmaven.multiModuleProjectDirectory=D:\ranh\DU-AN-MAU-JAVA-ASS-PH26772\DU-AN-MAU-JAVA-ASS-PH26772 org.codehaus.plexus.classworlds.launcher.Launcher -Dexec.vmArgs= -Dexec.args=${exec.vmArgs} -classpath %classpath ${exec.mainClass} ${exec.appArgs} -Dexec.executable=D:\JDK\bin\java.exe -Dexec.mainClass=Views.NhanVienForm -Dexec.classpathScope=runtime -Dexec.appArgs= -Dmaven.ext.class.path=D:\App\NetBeans-12.5\netbeans\java\maven-nblib\netbeans-eventspy.jar -Dfile.encoding=UTF-8 org.codehaus.mojo:exec-maven-plugin:3.0.0:exec

Host: 11th Gen Intel(R) Core(TM) i5-1135G7 @ 2.40GHz, 8 cores, 7G,  Windows 11 , 64 bit Build 22621 (10.0.22621.608)
Time: Mon Oct 17 14:58:28 2022 SE Asia Standard Time elapsed time: 2.690635 seconds (0d 0h 0m 2s)

---------------  T H R E A D  ---------------

Current thread (0x000002c267a0df60):  JavaThread "C2 CompilerThread0" daemon [_thread_in_native, id=10412, stack(0x000000ca5ca00000,0x000000ca5cb00000)]


Current CompileTask:
C2:   2690 3363  s    4       org.fusesource.jansi.AnsiPrintStream::filter (948 bytes)

Stack: [0x000000ca5ca00000,0x000000ca5cb00000]
Native frames: (J=compiled Java code, j=interpreted, Vv=VM code, C=native code)
V  [jvm.dll+0x6723da]
V  [jvm.dll+0x7d1f74]
V  [jvm.dll+0x7d371e]
V  [jvm.dll+0x7d3d83]
V  [jvm.dll+0x242ed5]
V  [jvm.dll+0xaa57b]
V  [jvm.dll+0xaab0c]
V  [jvm.dll+0x360447]
V  [jvm.dll+0x32a7e1]
V  [jvm.dll+0x329c8a]
V  [jvm.dll+0x215ff1]
V  [jvm.dll+0x215411]
V  [jvm.dll+0x1a1fcd]
V  [jvm.dll+0x224c78]
V  [jvm.dll+0x222de5]
V  [jvm.dll+0x787a5b]
V  [jvm.dll+0x78201a]
V  [jvm.dll+0x671265]
C  [ucrtbase.dll+0x29363]
C  [KERNEL32.DLL+0x1244d]
C  [ntdll.dll+0x5df78]


---------------  P R O C E S S  ---------------

Threads class SMR info:
_java_thread_list=0x000002c269560a10, length=13, elements={
0x000002c249acd9e0, 0x000002c2679f6d40, 0x000002c2679f76f0, 0x000002c267a0afa0,
0x000002c267a0b860, 0x000002c267a0c210, 0x000002c267a0cbc0, 0x000002c267a0df60,
0x000002c267a11750, 0x000002c267a22570, 0x000002c2684dcb60, 0x000002c2684e15f0,
0x000002c268a32490
}

Java Threads: ( => current thread )
  0x000002c249acd9e0 JavaThread "main" [_thread_blocked, id=15396, stack(0x000000ca5bd00000,0x000000ca5be00000)]
  0x000002c2679f6d40 JavaThread "Reference Handler" daemon [_thread_blocked, id=12528, stack(0x000000ca5c400000,0x000000ca5c500000)]
  0x000002c2679f76f0 JavaThread "Finalizer" daemon [_thread_blocked, id=16160, stack(0x000000ca5c500000,0x000000ca5c600000)]
  0x000002c267a0afa0 JavaThread "Signal Dispatcher" daemon [_thread_blocked, id=16256, stack(0x000000ca5c600000,0x000000ca5c700000)]
  0x000002c267a0b860 JavaThread "Attach Listener" daemon [_thread_blocked, id=164, stack(0x000000ca5c700000,0x000000ca5c800000)]
  0x000002c267a0c210 JavaThread "Service Thread" daemon [_thread_blocked, id=11096, stack(0x000000ca5c800000,0x000000ca5c900000)]
  0x000002c267a0cbc0 JavaThread "Monitor Deflation Thread" daemon [_thread_blocked, id=17012, stack(0x000000ca5c900000,0x000000ca5ca00000)]
=>0x000002c267a0df60 JavaThread "C2 CompilerThread0" daemon [_thread_in_native, id=10412, stack(0x000000ca5ca00000,0x000000ca5cb00000)]
  0x000002c267a11750 JavaThread "C1 CompilerThread0" daemon [_thread_blocked, id=2720, stack(0x000000ca5cb00000,0x000000ca5cc00000)]
  0x000002c267a22570 JavaThread "Sweeper thread" daemon [_thread_blocked, id=9580, stack(0x000000ca5cc00000,0x000000ca5cd00000)]
  0x000002c2684dcb60 JavaThread "Notification Thread" daemon [_thread_blocked, id=18412, stack(0x000000ca5cd00000,0x000000ca5ce00000)]
  0x000002c2684e15f0 JavaThread "Common-Cleaner" daemon [_thread_blocked, id=12928, stack(0x000000ca5cf00000,0x000000ca5d000000)]
  0x000002c268a32490 JavaThread "C2 CompilerThread1" daemon [_thread_in_native, id=9256, stack(0x000000ca5d000000,0x000000ca5d100000)]

Other Threads:
  0x000002c2679f23a0 VMThread "VM Thread" [stack: 0x000000ca5c300000,0x000000ca5c400000] [id=15868]
  0x000002c249b485d0 WatcherThread [stack: 0x000000ca5ce00000,0x000000ca5cf00000] [id=17792]
  0x000002c249b29df0 GCTaskThread "GC Thread#0" [stack: 0x000000ca5be00000,0x000000ca5bf00000] [id=11424]
  0x000002c2685abbe0 GCTaskThread "GC Thread#1" [stack: 0x000000ca5d200000,0x000000ca5d300000] [id=11320]
  0x000002c268db68e0 GCTaskThread "GC Thread#2" [stack: 0x000000ca5d300000,0x000000ca5d400000] [id=16196]
  0x000002c2691798f0 GCTaskThread "GC Thread#3" [stack: 0x000000ca5d400000,0x000000ca5d500000] [id=6312]
  0x000002c268d76e80 GCTaskThread "GC Thread#4" [stack: 0x000000ca5d500000,0x000000ca5d600000] [id=9952]
  0x000002c26922b9a0 GCTaskThread "GC Thread#5" [stack: 0x000000ca5d600000,0x000000ca5d700000] [id=7692]
  0x000002c2694b31c0 GCTaskThread "GC Thread#6" [stack: 0x000000ca5d700000,0x000000ca5d800000] [id=6544]
  0x000002c26956a540 GCTaskThread "GC Thread#7" [stack: 0x000000ca5d800000,0x000000ca5d900000] [id=17728]
  0x000002c249b3a610 ConcurrentGCThread "G1 Main Marker" [stack: 0x000000ca5bf00000,0x000000ca5c000000] [id=15376]
  0x000002c249b3b020 ConcurrentGCThread "G1 Conc#0" [stack: 0x000000ca5c000000,0x000000ca5c100000] [id=8316]
  0x000002c249b9e350 ConcurrentGCThread "G1 Refine#0" [stack: 0x000000ca5c100000,0x000000ca5c200000] [id=11448]
  0x000002c249b9eb10 ConcurrentGCThread "G1 Service" [stack: 0x000000ca5c200000,0x000000ca5c300000] [id=14828]

Threads with active compile tasks:
C2 CompilerThread0     2702 3363  s    4       org.fusesource.jansi.AnsiPrintStream::filter (948 bytes)
C2 CompilerThread1     2702 3381   !   4       java.io.PrintStream::write (83 bytes)

VM state: not at safepoint (normal execution)

VM Mutex/Monitor currently owned by a thread: None

Heap address: 0x0000000084400000, size: 1980 MB, Compressed Oops mode: 32-bit

CDS archive(s) mapped at: [0x0000000800000000-0x0000000800bc0000-0x0000000800bc0000), size 12320768, SharedBaseAddress: 0x0000000800000000, ArchiveRelocationMode: 0.
Compressed class space mapped at: 0x0000000800c00000-0x0000000840c00000, reserved size: 1073741824
Narrow klass base: 0x0000000800000000, Narrow klass shift: 0, Narrow klass range: 0x100000000

GC Precious Log:
 CPUs: 8 total, 8 available
 Memory: 7914M
 Large Page Support: Disabled
 NUMA Support: Disabled
 Compressed Oops: Enabled (32-bit)
 Heap Region Size: 1M
 Heap Min Capacity: 8M
 Heap Initial Capacity: 124M
 Heap Max Capacity: 1980M
 Pre-touch: Disabled
 Parallel Workers: 8
 Concurrent Workers: 2
 Concurrent Refinement Workers: 8
 Periodic GC: Disabled

Heap:
 garbage-first heap   total 126976K, used 74425K [0x0000000084400000, 0x0000000100000000)
  region size 1024K, 71 young (72704K), 3 survivors (3072K)
 Metaspace       used 14060K, committed 14272K, reserved 1064960K
  class space    used 1605K, committed 1728K, reserved 1048576K

Heap Regions: E=young(eden), S=young(survivor), O=old, HS=humongous(starts), HC=humongous(continues), CS=collection set, F=free, OA=open archive, CA=closed archive, TAMS=top-at-mark-start (previous, next)
|   0|0x0000000084400000, 0x0000000084500000, 0x0000000084500000|100%| O|  |TAMS 0x0000000084400000, 0x0000000084400000| Untracked 
|   1|0x0000000084500000, 0x0000000084600000, 0x0000000084600000|100%| O|  |TAMS 0x0000000084500000, 0x0000000084500000| Untracked 
|   2|0x0000000084600000, 0x0000000084700000, 0x0000000084700000|100%| O|  |TAMS 0x0000000084600000, 0x0000000084600000| Untracked 
|   3|0x0000000084700000, 0x000000008476f400, 0x0000000084800000| 43%| O|  |TAMS 0x0000000084700000, 0x0000000084700000| Untracked 
|   4|0x0000000084800000, 0x0000000084800000, 0x0000000084900000|  0%| F|  |TAMS 0x0000000084800000, 0x0000000084800000| Untracked 
|   5|0x0000000084900000, 0x0000000084900000, 0x0000000084a00000|  0%| F|  |TAMS 0x0000000084900000, 0x0000000084900000| Untracked 
|   6|0x0000000084a00000, 0x0000000084a00000, 0x0000000084b00000|  0%| F|  |TAMS 0x0000000084a00000, 0x0000000084a00000| Untracked 
|   7|0x0000000084b00000, 0x0000000084b00000, 0x0000000084c00000|  0%| F|  |TAMS 0x0000000084b00000, 0x0000000084b00000| Untracked 
|   8|0x0000000084c00000, 0x0000000084c00000, 0x0000000084d00000|  0%| F|  |TAMS 0x0000000084c00000, 0x0000000084c00000| Untracked 
|   9|0x0000000084d00000, 0x0000000084d00000, 0x0000000084e00000|  0%| F|  |TAMS 0x0000000084d00000, 0x0000000084d00000| Untracked 
|  10|0x0000000084e00000, 0x0000000084e00000, 0x0000000084f00000|  0%| F|  |TAMS 0x0000000084e00000, 0x0000000084e00000| Untracked 
|  11|0x0000000084f00000, 0x0000000084f00000, 0x0000000085000000|  0%| F|  |TAMS 0x0000000084f00000, 0x0000000084f00000| Untracked 
|  12|0x0000000085000000, 0x0000000085000000, 0x0000000085100000|  0%| F|  |TAMS 0x0000000085000000, 0x0000000085000000| Untracked 
|  13|0x0000000085100000, 0x0000000085100000, 0x0000000085200000|  0%| F|  |TAMS 0x0000000085100000, 0x0000000085100000| Untracked 
|  14|0x0000000085200000, 0x0000000085200000, 0x0000000085300000|  0%| F|  |TAMS 0x0000000085200000, 0x0000000085200000| Untracked 
|  15|0x0000000085300000, 0x0000000085300000, 0x0000000085400000|  0%| F|  |TAMS 0x0000000085300000, 0x0000000085300000| Untracked 
|  16|0x0000000085400000, 0x0000000085400000, 0x0000000085500000|  0%| F|  |TAMS 0x0000000085400000, 0x0000000085400000| Untracked 
|  17|0x0000000085500000, 0x0000000085500000, 0x0000000085600000|  0%| F|  |TAMS 0x0000000085500000, 0x0000000085500000| Untracked 
|  18|0x0000000085600000, 0x0000000085600000, 0x0000000085700000|  0%| F|  |TAMS 0x0000000085600000, 0x0000000085600000| Untracked 
|  19|0x0000000085700000, 0x0000000085700000, 0x0000000085800000|  0%| F|  |TAMS 0x0000000085700000, 0x0000000085700000| Untracked 
|  20|0x0000000085800000, 0x0000000085800000, 0x0000000085900000|  0%| F|  |TAMS 0x0000000085800000, 0x0000000085800000| Untracked 
|  21|0x0000000085900000, 0x0000000085900000, 0x0000000085a00000|  0%| F|  |TAMS 0x0000000085900000, 0x0000000085900000| Untracked 
|  22|0x0000000085a00000, 0x0000000085a00000, 0x0000000085b00000|  0%| F|  |TAMS 0x0000000085a00000, 0x0000000085a00000| Untracked 
|  23|0x0000000085b00000, 0x0000000085b00000, 0x0000000085c00000|  0%| F|  |TAMS 0x0000000085b00000, 0x0000000085b00000| Untracked 
|  24|0x0000000085c00000, 0x0000000085c00000, 0x0000000085d00000|  0%| F|  |TAMS 0x0000000085c00000, 0x0000000085c00000| Untracked 
|  25|0x0000000085d00000, 0x0000000085d00000, 0x0000000085e00000|  0%| F|  |TAMS 0x0000000085d00000, 0x0000000085d00000| Untracked 
|  26|0x0000000085e00000, 0x0000000085e00000, 0x0000000085f00000|  0%| F|  |TAMS 0x0000000085e00000, 0x0000000085e00000| Untracked 
|  27|0x0000000085f00000, 0x0000000085f00000, 0x0000000086000000|  0%| F|  |TAMS 0x0000000085f00000, 0x0000000085f00000| Untracked 
|  28|0x0000000086000000, 0x0000000086000000, 0x0000000086100000|  0%| F|  |TAMS 0x0000000086000000, 0x0000000086000000| Untracked 
|  29|0x0000000086100000, 0x0000000086100000, 0x0000000086200000|  0%| F|  |TAMS 0x0000000086100000, 0x0000000086100000| Untracked 
|  30|0x0000000086200000, 0x0000000086200000, 0x0000000086300000|  0%| F|  |TAMS 0x0000000086200000, 0x0000000086200000| Untracked 
|  31|0x0000000086300000, 0x0000000086300000, 0x0000000086400000|  0%| F|  |TAMS 0x0000000086300000, 0x0000000086300000| Untracked 
|  32|0x0000000086400000, 0x0000000086400000, 0x0000000086500000|  0%| F|  |TAMS 0x0000000086400000, 0x0000000086400000| Untracked 
|  33|0x0000000086500000, 0x0000000086500000, 0x0000000086600000|  0%| F|  |TAMS 0x0000000086500000, 0x0000000086500000| Untracked 
|  34|0x0000000086600000, 0x0000000086600000, 0x0000000086700000|  0%| F|  |TAMS 0x0000000086600000, 0x0000000086600000| Untracked 
|  35|0x0000000086700000, 0x0000000086700000, 0x0000000086800000|  0%| F|  |TAMS 0x0000000086700000, 0x0000000086700000| Untracked 
|  36|0x0000000086800000, 0x0000000086800000, 0x0000000086900000|  0%| F|  |TAMS 0x0000000086800000, 0x0000000086800000| Untracked 
|  37|0x0000000086900000, 0x0000000086900000, 0x0000000086a00000|  0%| F|  |TAMS 0x0000000086900000, 0x0000000086900000| Untracked 
|  38|0x0000000086a00000, 0x0000000086a00000, 0x0000000086b00000|  0%| F|  |TAMS 0x0000000086a00000, 0x0000000086a00000| Untracked 
|  39|0x0000000086b00000, 0x0000000086b00000, 0x0000000086c00000|  0%| F|  |TAMS 0x0000000086b00000, 0x0000000086b00000| Untracked 
|  40|0x0000000086c00000, 0x0000000086c00000, 0x0000000086d00000|  0%| F|  |TAMS 0x0000000086c00000, 0x0000000086c00000| Untracked 
|  41|0x0000000086d00000, 0x0000000086d00000, 0x0000000086e00000|  0%| F|  |TAMS 0x0000000086d00000, 0x0000000086d00000| Untracked 
|  42|0x0000000086e00000, 0x0000000086e00000, 0x0000000086f00000|  0%| F|  |TAMS 0x0000000086e00000, 0x0000000086e00000| Untracked 
|  43|0x0000000086f00000, 0x0000000086f00000, 0x0000000087000000|  0%| F|  |TAMS 0x0000000086f00000, 0x0000000086f00000| Untracked 
|  44|0x0000000087000000, 0x0000000087000000, 0x0000000087100000|  0%| F|  |TAMS 0x0000000087000000, 0x0000000087000000| Untracked 
|  45|0x0000000087100000, 0x0000000087100000, 0x0000000087200000|  0%| F|  |TAMS 0x0000000087100000, 0x0000000087100000| Untracked 
|  46|0x0000000087200000, 0x0000000087200000, 0x0000000087300000|  0%| F|  |TAMS 0x0000000087200000, 0x0000000087200000| Untracked 
|  47|0x0000000087300000, 0x0000000087300000, 0x0000000087400000|  0%| F|  |TAMS 0x0000000087300000, 0x0000000087300000| Untracked 
|  48|0x0000000087400000, 0x0000000087400000, 0x0000000087500000|  0%| F|  |TAMS 0x0000000087400000, 0x0000000087400000| Untracked 
|  49|0x0000000087500000, 0x0000000087500000, 0x0000000087600000|  0%| F|  |TAMS 0x0000000087500000, 0x0000000087500000| Untracked 
|  50|0x0000000087600000, 0x0000000087600000, 0x0000000087700000|  0%| F|  |TAMS 0x0000000087600000, 0x0000000087600000| Untracked 
|  51|0x0000000087700000, 0x0000000087700000, 0x0000000087800000|  0%| F|  |TAMS 0x0000000087700000, 0x0000000087700000| Untracked 
|  52|0x0000000087800000, 0x0000000087800000, 0x0000000087900000|  0%| F|  |TAMS 0x0000000087800000, 0x0000000087800000| Untracked 
|  53|0x0000000087900000, 0x0000000087900800, 0x0000000087a00000|  0%| E|  |TAMS 0x0000000087900000, 0x0000000087900000| Complete 
|  54|0x0000000087a00000, 0x0000000087b00000, 0x0000000087b00000|100%| E|CS|TAMS 0x0000000087a00000, 0x0000000087a00000| Complete 
|  55|0x0000000087b00000, 0x0000000087c00000, 0x0000000087c00000|100%| E|CS|TAMS 0x0000000087b00000, 0x0000000087b00000| Complete 
|  56|0x0000000087c00000, 0x0000000087d00000, 0x0000000087d00000|100%| E|CS|TAMS 0x0000000087c00000, 0x0000000087c00000| Complete 
|  57|0x0000000087d00000, 0x0000000087e00000, 0x0000000087e00000|100%| E|CS|TAMS 0x0000000087d00000, 0x0000000087d00000| Complete 
|  58|0x0000000087e00000, 0x0000000087f00000, 0x0000000087f00000|100%| E|CS|TAMS 0x0000000087e00000, 0x0000000087e00000| Complete 
|  59|0x0000000087f00000, 0x0000000088000000, 0x0000000088000000|100%| E|CS|TAMS 0x0000000087f00000, 0x0000000087f00000| Complete 
|  60|0x0000000088000000, 0x0000000088100000, 0x0000000088100000|100%| E|CS|TAMS 0x0000000088000000, 0x0000000088000000| Complete 
|  61|0x0000000088100000, 0x0000000088200000, 0x0000000088200000|100%| E|CS|TAMS 0x0000000088100000, 0x0000000088100000| Complete 
|  62|0x0000000088200000, 0x0000000088300000, 0x0000000088300000|100%| E|CS|TAMS 0x0000000088200000, 0x0000000088200000| Complete 
|  63|0x0000000088300000, 0x0000000088400000, 0x0000000088400000|100%| E|CS|TAMS 0x0000000088300000, 0x0000000088300000| Complete 
|  64|0x0000000088400000, 0x0000000088500000, 0x0000000088500000|100%| E|CS|TAMS 0x0000000088400000, 0x0000000088400000| Complete 
|  65|0x0000000088500000, 0x0000000088600000, 0x0000000088600000|100%| E|CS|TAMS 0x0000000088500000, 0x0000000088500000| Complete 
|  66|0x0000000088600000, 0x0000000088700000, 0x0000000088700000|100%| E|CS|TAMS 0x0000000088600000, 0x0000000088600000| Complete 
|  67|0x0000000088700000, 0x0000000088800000, 0x0000000088800000|100%| E|CS|TAMS 0x0000000088700000, 0x0000000088700000| Complete 
|  68|0x0000000088800000, 0x0000000088900000, 0x0000000088900000|100%| E|CS|TAMS 0x0000000088800000, 0x0000000088800000| Complete 
|  69|0x0000000088900000, 0x0000000088a00000, 0x0000000088a00000|100%| E|CS|TAMS 0x0000000088900000, 0x0000000088900000| Complete 
|  70|0x0000000088a00000, 0x0000000088b00000, 0x0000000088b00000|100%| E|CS|TAMS 0x0000000088a00000, 0x0000000088a00000| Complete 
|  71|0x0000000088b00000, 0x0000000088c00000, 0x0000000088c00000|100%| E|CS|TAMS 0x0000000088b00000, 0x0000000088b00000| Complete 
|  72|0x0000000088c00000, 0x0000000088d00000, 0x0000000088d00000|100%| E|CS|TAMS 0x0000000088c00000, 0x0000000088c00000| Complete 
|  73|0x0000000088d00000, 0x0000000088e00000, 0x0000000088e00000|100%| E|CS|TAMS 0x0000000088d00000, 0x0000000088d00000| Complete 
|  74|0x0000000088e00000, 0x0000000088f00000, 0x0000000088f00000|100%| E|CS|TAMS 0x0000000088e00000, 0x0000000088e00000| Complete 
|  75|0x0000000088f00000, 0x0000000089000000, 0x0000000089000000|100%| E|CS|TAMS 0x0000000088f00000, 0x0000000088f00000| Complete 
|  76|0x0000000089000000, 0x0000000089100000, 0x0000000089100000|100%| E|CS|TAMS 0x0000000089000000, 0x0000000089000000| Complete 
|  77|0x0000000089100000, 0x0000000089200000, 0x0000000089200000|100%| E|CS|TAMS 0x0000000089100000, 0x0000000089100000| Complete 
|  78|0x0000000089200000, 0x0000000089300000, 0x0000000089300000|100%| E|CS|TAMS 0x0000000089200000, 0x0000000089200000| Complete 
|  79|0x0000000089300000, 0x0000000089400000, 0x0000000089400000|100%| E|CS|TAMS 0x0000000089300000, 0x0000000089300000| Complete 
|  80|0x0000000089400000, 0x0000000089500000, 0x0000000089500000|100%| E|CS|TAMS 0x0000000089400000, 0x0000000089400000| Complete 
|  81|0x0000000089500000, 0x0000000089600000, 0x0000000089600000|100%| E|CS|TAMS 0x0000000089500000, 0x0000000089500000| Complete 
|  82|0x0000000089600000, 0x0000000089700000, 0x0000000089700000|100%| E|CS|TAMS 0x0000000089600000, 0x0000000089600000| Complete 
|  83|0x0000000089700000, 0x0000000089800000, 0x0000000089800000|100%| E|CS|TAMS 0x0000000089700000, 0x0000000089700000| Complete 
|  84|0x0000000089800000, 0x0000000089900000, 0x0000000089900000|100%| E|CS|TAMS 0x0000000089800000, 0x0000000089800000| Complete 
|  85|0x0000000089900000, 0x0000000089a00000, 0x0000000089a00000|100%| E|CS|TAMS 0x0000000089900000, 0x0000000089900000| Complete 
|  86|0x0000000089a00000, 0x0000000089b00000, 0x0000000089b00000|100%| E|CS|TAMS 0x0000000089a00000, 0x0000000089a00000| Complete 
|  87|0x0000000089b00000, 0x0000000089b3f080, 0x0000000089c00000| 24%| S|CS|TAMS 0x0000000089b00000, 0x0000000089b00000| Complete 
|  88|0x0000000089c00000, 0x0000000089d00000, 0x0000000089d00000|100%| S|CS|TAMS 0x0000000089c00000, 0x0000000089c00000| Complete 
|  89|0x0000000089d00000, 0x0000000089e00000, 0x0000000089e00000|100%| S|CS|TAMS 0x0000000089d00000, 0x0000000089d00000| Complete 
|  90|0x0000000089e00000, 0x0000000089f00000, 0x0000000089f00000|100%| E|CS|TAMS 0x0000000089e00000, 0x0000000089e00000| Complete 
|  91|0x0000000089f00000, 0x000000008a000000, 0x000000008a000000|100%| E|CS|TAMS 0x0000000089f00000, 0x0000000089f00000| Complete 
|  92|0x000000008a000000, 0x000000008a100000, 0x000000008a100000|100%| E|CS|TAMS 0x000000008a000000, 0x000000008a000000| Complete 
|  93|0x000000008a100000, 0x000000008a200000, 0x000000008a200000|100%| E|CS|TAMS 0x000000008a100000, 0x000000008a100000| Complete 
|  94|0x000000008a200000, 0x000000008a300000, 0x000000008a300000|100%| E|CS|TAMS 0x000000008a200000, 0x000000008a200000| Complete 
|  95|0x000000008a300000, 0x000000008a400000, 0x000000008a400000|100%| E|CS|TAMS 0x000000008a300000, 0x000000008a300000| Complete 
|  96|0x000000008a400000, 0x000000008a500000, 0x000000008a500000|100%| E|CS|TAMS 0x000000008a400000, 0x000000008a400000| Complete 
|  97|0x000000008a500000, 0x000000008a600000, 0x000000008a600000|100%| E|CS|TAMS 0x000000008a500000, 0x000000008a500000| Complete 
|  98|0x000000008a600000, 0x000000008a700000, 0x000000008a700000|100%| E|CS|TAMS 0x000000008a600000, 0x000000008a600000| Complete 
|  99|0x000000008a700000, 0x000000008a800000, 0x000000008a800000|100%| E|CS|TAMS 0x000000008a700000, 0x000000008a700000| Complete 
| 100|0x000000008a800000, 0x000000008a900000, 0x000000008a900000|100%| E|CS|TAMS 0x000000008a800000, 0x000000008a800000| Complete 
| 101|0x000000008a900000, 0x000000008aa00000, 0x000000008aa00000|100%| E|CS|TAMS 0x000000008a900000, 0x000000008a900000| Complete 
| 102|0x000000008aa00000, 0x000000008ab00000, 0x000000008ab00000|100%| E|CS|TAMS 0x000000008aa00000, 0x000000008aa00000| Complete 
| 103|0x000000008ab00000, 0x000000008ac00000, 0x000000008ac00000|100%| E|CS|TAMS 0x000000008ab00000, 0x000000008ab00000| Complete 
| 104|0x000000008ac00000, 0x000000008ad00000, 0x000000008ad00000|100%| E|CS|TAMS 0x000000008ac00000, 0x000000008ac00000| Complete 
| 105|0x000000008ad00000, 0x000000008ae00000, 0x000000008ae00000|100%| E|CS|TAMS 0x000000008ad00000, 0x000000008ad00000| Complete 
| 106|0x000000008ae00000, 0x000000008af00000, 0x000000008af00000|100%| E|CS|TAMS 0x000000008ae00000, 0x000000008ae00000| Complete 
| 107|0x000000008af00000, 0x000000008b000000, 0x000000008b000000|100%| E|CS|TAMS 0x000000008af00000, 0x000000008af00000| Complete 
| 108|0x000000008b000000, 0x000000008b100000, 0x000000008b100000|100%| E|CS|TAMS 0x000000008b000000, 0x000000008b000000| Complete 
| 109|0x000000008b100000, 0x000000008b200000, 0x000000008b200000|100%| E|CS|TAMS 0x000000008b100000, 0x000000008b100000| Complete 
| 110|0x000000008b200000, 0x000000008b300000, 0x000000008b300000|100%| E|CS|TAMS 0x000000008b200000, 0x000000008b200000| Complete 
| 111|0x000000008b300000, 0x000000008b400000, 0x000000008b400000|100%| E|CS|TAMS 0x000000008b300000, 0x000000008b300000| Complete 
| 112|0x000000008b400000, 0x000000008b500000, 0x000000008b500000|100%| E|CS|TAMS 0x000000008b400000, 0x000000008b400000| Complete 
| 113|0x000000008b500000, 0x000000008b600000, 0x000000008b600000|100%| E|CS|TAMS 0x000000008b500000, 0x000000008b500000| Complete 
| 114|0x000000008b600000, 0x000000008b700000, 0x000000008b700000|100%| E|CS|TAMS 0x000000008b600000, 0x000000008b600000| Complete 
| 115|0x000000008b700000, 0x000000008b800000, 0x000000008b800000|100%| E|CS|TAMS 0x000000008b700000, 0x000000008b700000| Complete 
| 116|0x000000008b800000, 0x000000008b900000, 0x000000008b900000|100%| E|CS|TAMS 0x000000008b800000, 0x000000008b800000| Complete 
| 117|0x000000008b900000, 0x000000008ba00000, 0x000000008ba00000|100%| E|CS|TAMS 0x000000008b900000, 0x000000008b900000| Complete 
| 118|0x000000008ba00000, 0x000000008bb00000, 0x000000008bb00000|100%| E|CS|TAMS 0x000000008ba00000, 0x000000008ba00000| Complete 
| 119|0x000000008bb00000, 0x000000008bc00000, 0x000000008bc00000|100%| E|CS|TAMS 0x000000008bb00000, 0x000000008bb00000| Complete 
| 120|0x000000008bc00000, 0x000000008bd00000, 0x000000008bd00000|100%| E|CS|TAMS 0x000000008bc00000, 0x000000008bc00000| Complete 
| 121|0x000000008bd00000, 0x000000008be00000, 0x000000008be00000|100%| E|CS|TAMS 0x000000008bd00000, 0x000000008bd00000| Complete 
| 122|0x000000008be00000, 0x000000008bf00000, 0x000000008bf00000|100%| E|CS|TAMS 0x000000008be00000, 0x000000008be00000| Complete 
| 123|0x000000008bf00000, 0x000000008c000000, 0x000000008c000000|100%| E|CS|TAMS 0x000000008bf00000, 0x000000008bf00000| Complete 

Card table byte_map: [0x000002c260a50000,0x000002c260e30000] _byte_map_base: 0x000002c26062e000

Marking Bits (Prev, Next): (CMBitMap*) 0x000002c249b2a400, (CMBitMap*) 0x000002c249b2a440
 Prev Bits: [0x000002c261210000, 0x000002c263100000)
 Next Bits: [0x000002c263100000, 0x000002c264ff0000)

Polling page: 0x000002c247a10000

Metaspace:

Usage:
  Non-class:     12.16 MB used.
      Class:      1.57 MB used.
       Both:     13.73 MB used.

Virtual space:
  Non-class space:       16.00 MB reserved,      12.25 MB ( 77%) committed,  2 nodes.
      Class space:        1.00 GB reserved,       1.69 MB ( <1%) committed,  1 nodes.
             Both:        1.02 GB reserved,      13.94 MB (  1%) committed. 

Chunk freelists:
   Non-Class:  2.70 MB
       Class:  2.13 MB
        Both:  4.84 MB

MaxMetaspaceSize: unlimited
CompressedClassSpaceSize: 1.00 GB
Initial GC threshold: 21.00 MB
Current GC threshold: 21.00 MB
CDS: on
MetaspaceReclaimPolicy: balanced
 - commit_granule_bytes: 65536.
 - commit_granule_words: 8192.
 - virtual_space_node_default_size: 1048576.
 - enlarge_chunks_in_place: 1.
 - new_chunks_are_fully_committed: 0.
 - uncommit_free_chunks: 1.
 - use_allocation_guard: 0.
 - handle_deallocations: 1.


Internal statistics:

num_allocs_failed_limit: 0.
num_arena_births: 82.
num_arena_deaths: 0.
num_vsnodes_births: 3.
num_vsnodes_deaths: 0.
num_space_committed: 223.
num_space_uncommitted: 0.
num_chunks_returned_to_freelist: 0.
num_chunks_taken_from_freelist: 563.
num_chunk_merges: 0.
num_chunk_splits: 411.
num_chunks_enlarged: 321.
num_purges: 0.
num_inconsistent_stats: 0.

CodeHeap 'non-profiled nmethods': size=120000Kb used=1655Kb max_used=1655Kb free=118344Kb
 bounds [0x000002c258e10000, 0x000002c259080000, 0x000002c260340000]
CodeHeap 'profiled nmethods': size=120000Kb used=6786Kb max_used=6786Kb free=113213Kb
 bounds [0x000002c2518e0000, 0x000002c251f90000, 0x000002c258e10000]
CodeHeap 'non-nmethods': size=5760Kb used=1203Kb max_used=1227Kb free=4556Kb
 bounds [0x000002c251340000, 0x000002c2515b0000, 0x000002c2518e0000]
 total_blobs=3855 nmethods=3390 adapters=376
 compilation: enabled
              stopped_count=0, restarted_count=0
 full_count=0

Compilation events (20 events):
Event: 2.191 Thread 0x000002c267a11750 3367       1       java.util.Formatter$FormatSpecifier::index (5 bytes)
Event: 2.192 Thread 0x000002c267a11750 nmethod 3367 0x000002c258fa2010 code [0x000002c258fa21a0, 0x000002c258fa2278]
Event: 2.193 Thread 0x000002c268a32490 nmethod 3362 0x000002c258fa2310 code [0x000002c258fa24a0, 0x000002c258fa2698]
Event: 2.193 Thread 0x000002c268a32490 3368       4       java.nio.ByteBuffer::flip (7 bytes)
Event: 2.194 Thread 0x000002c268a32490 nmethod 3368 0x000002c258fa2790 code [0x000002c258fa2900, 0x000002c258fa2998]
Event: 2.195 Thread 0x000002c268a32490 3369   !   4       java.io.BufferedWriter::write (117 bytes)
Event: 2.197 Thread 0x000002c267a11750 3371       3       org.fusesource.jansi.FilterPrintStream::write (45 bytes)
Event: 2.198 Thread 0x000002c267a11750 nmethod 3371 0x000002c251f78110 code [0x000002c251f782e0, 0x000002c251f78698]
Event: 2.198 Thread 0x000002c267a11750 3372       3       java.nio.charset.CharsetDecoder::<init> (10 bytes)
Event: 2.198 Thread 0x000002c267a11750 nmethod 3372 0x000002c251f78810 code [0x000002c251f789c0, 0x000002c251f78b08]
Event: 2.199 Thread 0x000002c267a11750 3373       1       org.fusesource.jansi.Ansi$Attribute::value (5 bytes)
Event: 2.199 Thread 0x000002c267a11750 nmethod 3373 0x000002c258fa2a90 code [0x000002c258fa2c20, 0x000002c258fa2cf8]
Event: 2.202 Thread 0x000002c267a11750 3376       3       org.codehaus.plexus.classworlds.realm.ClassRealm::getClassRealmLoadingLock (14 bytes)
Event: 2.202 Thread 0x000002c267a11750 nmethod 3376 0x000002c251f78b90 code [0x000002c251f78d40, 0x000002c251f78f08]
Event: 2.203 Thread 0x000002c268a32490 nmethod 3369 0x000002c258fa2d90 code [0x000002c258fa2f20, 0x000002c258fa3638]
Event: 2.203 Thread 0x000002c268a32490 3374       4       java.lang.StringCoding::implEncodeAsciiArray (47 bytes)
Event: 2.206 Thread 0x000002c268a32490 nmethod 3374 0x000002c258fa3c10 code [0x000002c258fa3d80, 0x000002c258fa3f18]
Event: 2.206 Thread 0x000002c268a32490 3377  s    4       java.io.BufferedOutputStream::flush (12 bytes)
Event: 2.209 Thread 0x000002c268a32490 nmethod 3377 0x000002c258fa4090 code [0x000002c258fa4220, 0x000002c258fa4588]
Event: 2.209 Thread 0x000002c268a32490 3370   !   4       java.io.BufferedWriter::flushBuffer (53 bytes)

GC Heap History (4 events):
Event: 0.406 GC heap before
{Heap before GC invocations=0 (full 0):
 garbage-first heap   total 126976K, used 22528K [0x0000000084400000, 0x0000000100000000)
  region size 1024K, 23 young (23552K), 0 survivors (0K)
 Metaspace       used 4769K, committed 4928K, reserved 1056768K
  class space    used 557K, committed 640K, reserved 1048576K
}
Event: 0.412 GC heap after
{Heap after GC invocations=1 (full 0):
 garbage-first heap   total 126976K, used 3648K [0x0000000084400000, 0x0000000100000000)
  region size 1024K, 3 young (3072K), 3 survivors (3072K)
 Metaspace       used 4769K, committed 4928K, reserved 1056768K
  class space    used 557K, committed 640K, reserved 1048576K
}
Event: 0.815 GC heap before
{Heap before GC invocations=1 (full 0):
 garbage-first heap   total 126976K, used 35392K [0x0000000084400000, 0x0000000100000000)
  region size 1024K, 34 young (34816K), 3 survivors (3072K)
 Metaspace       used 9802K, committed 9920K, reserved 1064960K
  class space    used 1213K, committed 1280K, reserved 1048576K
}
Event: 0.822 GC heap after
{Heap after GC invocations=2 (full 0):
 garbage-first heap   total 126976K, used 5817K [0x0000000084400000, 0x0000000100000000)
  region size 1024K, 3 young (3072K), 3 survivors (3072K)
 Metaspace       used 9802K, committed 9920K, reserved 1064960K
  class space    used 1213K, committed 1280K, reserved 1048576K
}

Deoptimization events (20 events):
Event: 2.046 Thread 0x000002c249acd9e0 Uncommon trap: trap_request=0xffffffbe fr.pc=0x000002c258f88354 relative=0x0000000000001074
Event: 2.046 Thread 0x000002c249acd9e0 Uncommon trap: reason=profile_predicate action=maybe_recompile pc=0x000002c258f88354 method=java.util.concurrent.ConcurrentHashMap.putAll(Ljava/util/Map;)V @ 28 c2
Event: 2.046 Thread 0x000002c249acd9e0 DEOPT PACKING pc=0x000002c258f88354 sp=0x000000ca5bdfe080
Event: 2.046 Thread 0x000002c249acd9e0 DEOPT UNPACKING pc=0x000002c251395c23 sp=0x000000ca5bdfe050 mode 2
Event: 2.046 Thread 0x000002c249acd9e0 Uncommon trap: trap_request=0xffffffbe fr.pc=0x000002c258f88354 relative=0x0000000000001074
Event: 2.046 Thread 0x000002c249acd9e0 Uncommon trap: reason=profile_predicate action=maybe_recompile pc=0x000002c258f88354 method=java.util.concurrent.ConcurrentHashMap.putAll(Ljava/util/Map;)V @ 28 c2
Event: 2.046 Thread 0x000002c249acd9e0 DEOPT PACKING pc=0x000002c258f88354 sp=0x000000ca5bdfe080
Event: 2.046 Thread 0x000002c249acd9e0 DEOPT UNPACKING pc=0x000002c251395c23 sp=0x000000ca5bdfe050 mode 2
Event: 2.055 Thread 0x000002c249acd9e0 DEOPT PACKING pc=0x000002c251994db4 sp=0x000000ca5bdf8120
Event: 2.055 Thread 0x000002c249acd9e0 DEOPT UNPACKING pc=0x000002c251396763 sp=0x000000ca5bdf7558 mode 0
Event: 2.055 Thread 0x000002c249acd9e0 DEOPT PACKING pc=0x000002c2519949cc sp=0x000000ca5bdf8190
Event: 2.055 Thread 0x000002c249acd9e0 DEOPT UNPACKING pc=0x000002c251396763 sp=0x000000ca5bdf7638 mode 0
Event: 2.201 Thread 0x000002c249acd9e0 Uncommon trap: trap_request=0xffffffc6 fr.pc=0x000002c258f94cd0 relative=0x0000000000000890
Event: 2.201 Thread 0x000002c249acd9e0 Uncommon trap: reason=bimorphic_or_optimized_type_check action=maybe_recompile pc=0x000002c258f94cd0 method=java.lang.Throwable.<init>(Ljava/lang/String;Ljava/lang/Throwable;)V @ 24 c2
Event: 2.201 Thread 0x000002c249acd9e0 DEOPT PACKING pc=0x000002c258f94cd0 sp=0x000000ca5bdfe030
Event: 2.201 Thread 0x000002c249acd9e0 DEOPT UNPACKING pc=0x000002c251395c23 sp=0x000000ca5bdfdff8 mode 2
Event: 2.202 Thread 0x000002c249acd9e0 Uncommon trap: trap_request=0xffffffc6 fr.pc=0x000002c258f94cd0 relative=0x0000000000000890
Event: 2.202 Thread 0x000002c249acd9e0 Uncommon trap: reason=bimorphic_or_optimized_type_check action=maybe_recompile pc=0x000002c258f94cd0 method=java.lang.Throwable.<init>(Ljava/lang/String;Ljava/lang/Throwable;)V @ 24 c2
Event: 2.202 Thread 0x000002c249acd9e0 DEOPT PACKING pc=0x000002c258f94cd0 sp=0x000000ca5bdfe1b0
Event: 2.202 Thread 0x000002c249acd9e0 DEOPT UNPACKING pc=0x000002c251395c23 sp=0x000000ca5bdfe178 mode 2

Classes unloaded (0 events):
No events

Classes redefined (0 events):
No events

Internal exceptions (20 events):
Event: 0.786 Thread 0x000002c249acd9e0 Exception <a 'java/lang/NoClassDefFoundError'{0x0000000089f42c18}: javax/annotation/Priority> (0x0000000089f42c18) 
thrown [s\open\src\hotspot\share\classfile\systemDictionary.cpp, line 245]
Event: 0.845 Thread 0x000002c249acd9e0 Exception <a 'java/lang/NoSuchMethodError'{0x000000008be20d40}: 'java.lang.Object java.lang.invoke.DirectMethodHandle$Holder.invokeStaticInit(java.lang.Object, int, int, int, int)'> (0x000000008be20d40) 
thrown [s\open\src\hotspot\share\interpreter\linkResolver.cpp, line 759]
Event: 1.477 Thread 0x000002c249acd9e0 Implicit null exception at 0x000002c258e931d8 to 0x000002c258e9326e
Event: 1.477 Thread 0x000002c249acd9e0 Implicit null exception at 0x000002c258eab36a to 0x000002c258eab6f8
Event: 1.477 Thread 0x000002c249acd9e0 Implicit null exception at 0x000002c258ea060f to 0x000002c258ea0689
Event: 1.747 Thread 0x000002c249acd9e0 Implicit null exception at 0x000002c258f420ff to 0x000002c258f4246a
Event: 1.747 Thread 0x000002c249acd9e0 Implicit null exception at 0x000002c258ea94ea to 0x000002c258ea9860
Event: 2.014 Thread 0x000002c249acd9e0 Exception <a 'java/lang/NoClassDefFoundError'{0x0000000087f95520}: org/sonatype/aether/resolution/ArtifactDescriptorException> (0x0000000087f95520) 
thrown [s\open\src\hotspot\share\classfile\systemDictionary.cpp, line 245]
Event: 2.018 Thread 0x000002c249acd9e0 Exception <a 'java/lang/NoClassDefFoundError'{0x0000000087fd92d0}: org/sonatype/aether/metadata/Metadata> (0x0000000087fd92d0) 
thrown [s\open\src\hotspot\share\classfile\systemDictionary.cpp, line 245]
Event: 2.023 Thread 0x000002c249acd9e0 Exception <a 'java/lang/NoClassDefFoundError'{0x0000000087e440a0}: org/sonatype/aether/metadata/Metadata> (0x0000000087e440a0) 
thrown [s\open\src\hotspot\share\classfile\systemDictionary.cpp, line 245]
Event: 2.029 Thread 0x000002c249acd9e0 Exception <a 'java/lang/NoClassDefFoundError'{0x0000000087eab3d0}: org/sonatype/aether/artifact/Artifact> (0x0000000087eab3d0) 
thrown [s\open\src\hotspot\share\classfile\systemDictionary.cpp, line 245]
Event: 2.029 Thread 0x000002c249acd9e0 Exception <a 'java/lang/NoClassDefFoundError'{0x0000000087eb66e8}: org/sonatype/aether/deployment/DeploymentException> (0x0000000087eb66e8) 
thrown [s\open\src\hotspot\share\classfile\systemDictionary.cpp, line 245]
Event: 2.030 Thread 0x000002c249acd9e0 Exception <a 'java/lang/NoClassDefFoundError'{0x0000000087ec5f08}: org/sonatype/aether/artifact/ArtifactType> (0x0000000087ec5f08) 
thrown [s\open\src\hotspot\share\classfile\systemDictionary.cpp, line 245]
Event: 2.031 Thread 0x000002c249acd9e0 Exception <a 'java/lang/NoClassDefFoundError'{0x0000000087ed8238}: org/sonatype/aether/installation/InstallationException> (0x0000000087ed8238) 
thrown [s\open\src\hotspot\share\classfile\systemDictionary.cpp, line 245]
Event: 2.073 Thread 0x000002c249acd9e0 Exception <a 'java/lang/NoSuchMethodError'{0x0000000087b7be10}: 'void java.lang.invoke.DirectMethodHandle$Holder.invokeStatic(java.lang.Object, long)'> (0x0000000087b7be10) 
thrown [s\open\src\hotspot\share\interpreter\linkResolver.cpp, line 759]
Event: 2.074 Thread 0x000002c249acd9e0 Exception <a 'java/lang/NoSuchMethodError'{0x0000000087b81a10}: 'java.lang.Object java.lang.invoke.DirectMethodHandle$Holder.newInvokeSpecial(java.lang.Object, long)'> (0x0000000087b81a10) 
thrown [s\open\src\hotspot\share\interpreter\linkResolver.cpp, line 759]
Event: 2.075 Thread 0x000002c249acd9e0 Exception <a 'java/lang/NoSuchMethodError'{0x0000000087b86528}: 'java.lang.Object java.lang.invoke.DirectMethodHandle$Holder.invokeStaticInit(java.lang.Object)'> (0x0000000087b86528) 
thrown [s\open\src\hotspot\share\interpreter\linkResolver.cpp, line 759]
Event: 2.076 Thread 0x000002c249acd9e0 Exception <a 'java/lang/NoSuchMethodError'{0x0000000087b90260}: 'java.lang.Object java.lang.invoke.DirectMethodHandle$Holder.invokeStaticInit(java.lang.Object, java.lang.Object, long, java.lang.Object)'> (0x0000000087b90260) 
thrown [s\open\src\hotspot\share\interpreter\linkResolver.cpp, line 759]
Event: 2.077 Thread 0x000002c249acd9e0 Exception <a 'java/lang/NoSuchMethodError'{0x0000000087b96920}: 'java.lang.Object java.lang.invoke.DirectMethodHandle$Holder.newInvokeSpecial(java.lang.Object, java.lang.Object, long)'> (0x0000000087b96920) 
thrown [s\open\src\hotspot\share\interpreter\linkResolver.cpp, line 759]
Event: 2.078 Thread 0x000002c249acd9e0 Exception <a 'java/lang/NoSuchMethodError'{0x0000000087b9ac10}: 'java.lang.Object java.lang.invoke.Invokers$Holder.linkToTargetMethod(java.lang.Object, long, java.lang.Object)'> (0x0000000087b9ac10) 
thrown [s\open\src\hotspot\share\interpreter\linkResolver.cpp, line 759]

VM Operations (20 events):
Event: 0.837 Executing VM operation: HandshakeAllThreads
Event: 0.837 Executing VM operation: HandshakeAllThreads done
Event: 0.855 Executing VM operation: HandshakeAllThreads
Event: 0.855 Executing VM operation: HandshakeAllThreads done
Event: 1.519 Executing VM operation: ICBufferFull
Event: 1.519 Executing VM operation: ICBufferFull done
Event: 1.723 Executing VM operation: ICBufferFull
Event: 1.723 Executing VM operation: ICBufferFull done
Event: 1.949 Executing VM operation: ICBufferFull
Event: 1.949 Executing VM operation: ICBufferFull done
Event: 2.011 Executing VM operation: HandshakeAllThreads
Event: 2.011 Executing VM operation: HandshakeAllThreads done
Event: 2.041 Executing VM operation: HandshakeAllThreads
Event: 2.041 Executing VM operation: HandshakeAllThreads done
Event: 2.053 Executing VM operation: ICBufferFull
Event: 2.053 Executing VM operation: ICBufferFull done
Event: 2.055 Executing VM operation: HandshakeAllThreads
Event: 2.055 Executing VM operation: HandshakeAllThreads done
Event: 2.079 Executing VM operation: HandshakeAllThreads
Event: 2.079 Executing VM operation: HandshakeAllThreads done

Events (20 events):
Event: 2.079 loading class java/util/concurrent/ForkJoinPool$ManagedBlocker done
Event: 2.079 loading class java/util/concurrent/SynchronousQueue$TransferStack$SNode done
Event: 2.079 loading class java/lang/ProcessImpl$2
Event: 2.079 loading class java/lang/ProcessImpl$2 done
Event: 2.079 loading class java/lang/Process$PipeInputStream
Event: 2.079 loading class java/lang/Process$PipeInputStream done
Event: 2.079 loading class jdk/internal/event/ProcessStartEvent
Event: 2.079 loading class jdk/internal/event/Event
Event: 2.079 loading class jdk/internal/event/Event done
Event: 2.079 loading class jdk/internal/event/ProcessStartEvent done
Event: 2.080 loading class java/io/PipedOutputStream
Event: 2.080 loading class java/io/PipedOutputStream done
Event: 2.081 Thread 0x000002c2695d4f70 Thread added: 0x000002c2695d4f70
Event: 2.081 Thread 0x000002c2698b0e90 Thread added: 0x000002c2698b0e90
Event: 2.081 Thread 0x000002c269541c90 Thread added: 0x000002c269541c90
Event: 2.090 Thread 0x000002c2698b0e90 Thread exited: 0x000002c2698b0e90
Event: 2.090 Thread 0x000002c2695d4f70 Thread exited: 0x000002c2695d4f70
Event: 2.185 Thread 0x000002c269541c90 Thread exited: 0x000002c269541c90
Event: 2.185 loading class java/io/FileOutputStream$1
Event: 2.185 loading class java/io/FileOutputStream$1 done


Dynamic libraries:
0x00007ff66e1a0000 - 0x00007ff66e1b0000 	D:\JDK\bin\java.exe
0x00007ffc5b510000 - 0x00007ffc5b724000 	C:\WINDOWS\SYSTEM32\ntdll.dll
0x00007ffc5a880000 - 0x00007ffc5a942000 	C:\WINDOWS\System32\KERNEL32.DLL
0x00007ffc58cf0000 - 0x00007ffc5908c000 	C:\WINDOWS\System32\KERNELBASE.dll
0x00007ffc59090000 - 0x00007ffc591a1000 	C:\WINDOWS\System32\ucrtbase.dll
0x00007ffc51d40000 - 0x00007ffc51d5a000 	D:\JDK\bin\VCRUNTIME140.dll
0x00007ffc27f60000 - 0x00007ffc27f78000 	D:\JDK\bin\jli.dll
0x00007ffc5a7d0000 - 0x00007ffc5a87e000 	C:\WINDOWS\System32\ADVAPI32.dll
0x00007ffc59310000 - 0x00007ffc593b7000 	C:\WINDOWS\System32\msvcrt.dll
0x00007ffc5aba0000 - 0x00007ffc5ac44000 	C:\WINDOWS\System32\sechost.dll
0x00007ffc5a950000 - 0x00007ffc5aa65000 	C:\WINDOWS\System32\RPCRT4.dll
0x00007ffc5a480000 - 0x00007ffc5a62a000 	C:\WINDOWS\System32\USER32.dll
0x00007ffc592e0000 - 0x00007ffc59306000 	C:\WINDOWS\System32\win32u.dll
0x00007ffc2f770000 - 0x00007ffc2f9fe000 	C:\WINDOWS\WinSxS\amd64_microsoft.windows.common-controls_6595b64144ccf1df_6.0.22621.608_none_a9444ca7c10bb01d\COMCTL32.dll
0x00007ffc597f0000 - 0x00007ffc59819000 	C:\WINDOWS\System32\GDI32.dll
0x00007ffc58940000 - 0x00007ffc58a52000 	C:\WINDOWS\System32\gdi32full.dll
0x00007ffc58bd0000 - 0x00007ffc58c6a000 	C:\WINDOWS\System32\msvcp_win.dll
0x00007ffc4f6d0000 - 0x00007ffc4f6da000 	C:\WINDOWS\SYSTEM32\VERSION.dll
0x00007ffc59580000 - 0x00007ffc595b1000 	C:\WINDOWS\System32\IMM32.DLL
0x00007ffc55af0000 - 0x00007ffc55afc000 	D:\JDK\bin\vcruntime140_1.dll
0x00007ffc1e5f0000 - 0x00007ffc1e67d000 	D:\JDK\bin\msvcp140.dll
0x00007ffbeaa80000 - 0x00007ffbeb642000 	D:\JDK\bin\server\jvm.dll
0x00007ffc5a7a0000 - 0x00007ffc5a7a8000 	C:\WINDOWS\System32\PSAPI.DLL
0x00007ffc50a90000 - 0x00007ffc50ac4000 	C:\WINDOWS\SYSTEM32\WINMM.dll
0x00007ffc16360000 - 0x00007ffc16369000 	C:\WINDOWS\SYSTEM32\WSOCK32.dll
0x00007ffc595d0000 - 0x00007ffc59641000 	C:\WINDOWS\System32\WS2_32.dll
0x00007ffc579c0000 - 0x00007ffc579d8000 	C:\WINDOWS\SYSTEM32\kernel.appcore.dll
0x00007ffc54180000 - 0x00007ffc5418a000 	D:\JDK\bin\jimage.dll
0x00007ffc53b20000 - 0x00007ffc53d4e000 	C:\WINDOWS\SYSTEM32\DBGHELP.DLL
0x00007ffc5b0f0000 - 0x00007ffc5b479000 	C:\WINDOWS\System32\combase.dll
0x00007ffc5af90000 - 0x00007ffc5b067000 	C:\WINDOWS\System32\OLEAUT32.dll
0x00007ffc49830000 - 0x00007ffc49862000 	C:\WINDOWS\SYSTEM32\dbgcore.DLL
0x00007ffc58c70000 - 0x00007ffc58ceb000 	C:\WINDOWS\System32\bcryptPrimitives.dll
0x00007ffc50b50000 - 0x00007ffc50b75000 	D:\JDK\bin\java.dll
0x00007ffc195d0000 - 0x00007ffc196a6000 	D:\JDK\bin\jsvml.dll
0x00007ffc59820000 - 0x00007ffc59ffd000 	C:\WINDOWS\System32\SHELL32.dll
0x00007ffc569a0000 - 0x00007ffc57257000 	C:\WINDOWS\SYSTEM32\windows.storage.dll
0x00007ffc56860000 - 0x00007ffc5699d000 	C:\WINDOWS\SYSTEM32\wintypes.dll
0x00007ffc5ae90000 - 0x00007ffc5af81000 	C:\WINDOWS\System32\SHCORE.dll
0x00007ffc5b090000 - 0x00007ffc5b0ee000 	C:\WINDOWS\System32\shlwapi.dll
0x00007ffc58870000 - 0x00007ffc58891000 	C:\WINDOWS\SYSTEM32\profapi.dll
0x00007ffc49250000 - 0x00007ffc49269000 	D:\JDK\bin\net.dll
0x00007ffc52a10000 - 0x00007ffc52b3f000 	C:\WINDOWS\SYSTEM32\WINHTTP.dll
0x00007ffc57e20000 - 0x00007ffc57e89000 	C:\WINDOWS\system32\mswsock.dll
0x00007ffc491e0000 - 0x00007ffc491f6000 	D:\JDK\bin\nio.dll
0x00007ffc2f010000 - 0x00007ffc2f028000 	D:\JDK\bin\zip.dll
0x00007ffc50b40000 - 0x00007ffc50b50000 	D:\JDK\bin\verify.dll
0x00007ffc31880000 - 0x00007ffc3188a000 	D:\App\NetBeans-12.5\netbeans\java\maven\lib\jansi-native\windows64\jansi.dll

dbghelp: loaded successfully - version: 4.0.5 - missing functions: none
symbol engine: initialized successfully - sym options: 0x614 - pdb path: .;D:\JDK\bin;C:\WINDOWS\SYSTEM32;C:\WINDOWS\WinSxS\amd64_microsoft.windows.common-controls_6595b64144ccf1df_6.0.22621.608_none_a9444ca7c10bb01d;D:\JDK\bin\server;D:\App\NetBeans-12.5\netbeans\java\maven\lib\jansi-native\windows64

VM Arguments:
jvm_args: -Dclassworlds.conf=D:\App\NetBeans-12.5\netbeans\java\maven\bin\..\bin\m2.conf -Dmaven.home=D:\App\NetBeans-12.5\netbeans\java\maven\bin\.. -Dlibrary.jansi.path=D:\App\NetBeans-12.5\netbeans\java\maven\bin\..\lib\jansi-native -Dmaven.multiModuleProjectDirectory=D:\ranh\DU-AN-MAU-JAVA-ASS-PH26772\DU-AN-MAU-JAVA-ASS-PH26772 
java_command: org.codehaus.plexus.classworlds.launcher.Launcher -Dexec.vmArgs= -Dexec.args=${exec.vmArgs} -classpath %classpath ${exec.mainClass} ${exec.appArgs} -Dexec.executable=D:\JDK\bin\java.exe -Dexec.mainClass=Views.NhanVienForm -Dexec.classpathScope=runtime -Dexec.appArgs= -Dmaven.ext.class.path=D:\App\NetBeans-12.5\netbeans\java\maven-nblib\netbeans-eventspy.jar -Dfile.encoding=UTF-8 org.codehaus.mojo:exec-maven-plugin:3.0.0:exec
java_class_path (initial): D:\App\NetBeans-12.5\netbeans\java\maven\bin\..\boot\plexus-classworlds-2.6.0.jar
Launcher Type: SUN_STANDARD

[Global flags]
     intx CICompilerCount                          = 4                                         {product} {ergonomic}
     uint ConcGCThreads                            = 2                                         {product} {ergonomic}
     uint G1ConcRefinementThreads                  = 8                                         {product} {ergonomic}
   size_t G1HeapRegionSize                         = 1048576                                   {product} {ergonomic}
    uintx GCDrainStackTargetSize                   = 64                                        {product} {ergonomic}
   size_t InitialHeapSize                          = 130023424                                 {product} {ergonomic}
   size_t MarkStackSize                            = 4194304                                   {product} {ergonomic}
   size_t MaxHeapSize                              = 2076180480                                {product} {ergonomic}
   size_t MaxNewSize                               = 1245708288                                {product} {ergonomic}
   size_t MinHeapDeltaBytes                        = 1048576                                   {product} {ergonomic}
   size_t MinHeapSize                              = 8388608                                   {product} {ergonomic}
    uintx NonNMethodCodeHeapSize                   = 5839372                                {pd product} {ergonomic}
    uintx NonProfiledCodeHeapSize                  = 122909434                              {pd product} {ergonomic}
    uintx ProfiledCodeHeapSize                     = 122909434                              {pd product} {ergonomic}
    uintx ReservedCodeCacheSize                    = 251658240                              {pd product} {ergonomic}
     bool SegmentedCodeCache                       = true                                      {product} {ergonomic}
   size_t SoftMaxHeapSize                          = 2076180480                             {manageable} {ergonomic}
     bool UseCompressedClassPointers               = true                           {product lp64_product} {ergonomic}
     bool UseCompressedOops                        = true                           {product lp64_product} {ergonomic}
     bool UseG1GC                                  = true                                      {product} {ergonomic}
     bool UseLargePagesIndividualAllocation        = false                                  {pd product} {ergonomic}

Logging:
Log output configuration:
 #0: stdout all=warning uptime,level,tags
 #1: stderr all=off uptime,level,tags

Environment Variables:
JAVA_HOME=D:\JDK
PATH=C:\Program Files\Common Files\Oracle\Java\javapath;C:\Program Files\Java\jdk-18.0.2\bin;C:\WINDOWS\system32;C:\WINDOWS;C:\WINDOWS\System32\Wbem;C:\WINDOWS\System32\WindowsPowerShell\v1.0\;C:\WINDOWS\System32\OpenSSH\;C:\MinGW\bin;C:\Program Files\Microsoft SQL Server\Client SDK\ODBC\170\Tools\Binn\;C:\Program Files (x86)\Microsoft SQL Server\150\Tools\Binn\;C:\Program Files\Microsoft SQL Server\150\Tools\Binn\;C:\Program Files\Microsoft SQL Server\150\DTS\Binn\;C:\Program Files (x86)\Microsoft SQL Server\150\DTS\Binn\;C:\Program Files\dotnet\;C:\Program Files\Git\cmd;D:\App\;C:\Users\window\AppData\Local\Microsoft\WindowsApps;C:\Users\window\AppData\Local\Programs\Microsoft VS Code\bin;C:\Program Files\Azure Data Studio\bin;D:\IntelliJ IDEA 2022.1.3\bin;;D:\JDK\bin;C:\Users\window\AppData\Roaming\npm;
USERNAME=window
OS=Windows_NT
PROCESSOR_IDENTIFIER=Intel64 Family 6 Model 140 Stepping 1, GenuineIntel



---------------  S Y S T E M  ---------------

OS:
 Windows 11 , 64 bit Build 22621 (10.0.22621.608)
OS uptime: 0 days 5:35 hours

CPU: total 8 (initial active 8) (4 cores per cpu, 2 threads per core) family 6 model 140 stepping 1 microcode 0xa4, cx8, cmov, fxsr, ht, mmx, 3dnowpref, sse, sse2, sse3, ssse3, sse4.1, sse4.2, popcnt, lzcnt, tsc, tscinvbit, avx, avx2, aes, erms, clmul, bmi1, bmi2, adx, avx512f, avx512dq, avx512cd, avx512bw, avx512vl, sha, fma, vzeroupper, avx512_vpopcntdq, avx512_vpclmulqdq, avx512_vaes, avx512_vnni, clflush, clflushopt, clwb, avx512_vbmi2, avx512_vbmi

Memory: 4k page, system-wide physical 7914M (541M free)
TotalPageFile size 16664M (AvailPageFile size 4M)
current process WorkingSet (physical memory assigned to process): 148M, peak: 148M
current process commit charge ("private bytes"): 245M, peak: 246M

vm_info: Java HotSpot(TM) 64-Bit Server VM (17.0.4+11-LTS-179) for windows-amd64 JRE (17.0.4+11-LTS-179), built on Jun 28 2022 08:23:05 by "mach5one" with MS VC++ 16.8 / 16.9 (VS2019)

END.
